<?xml version="1.0" encoding="UTF-8"?>
<testng-results skipped="0" failed="0" ignored="0" total="1" passed="1">
  <reporter-output>
  </reporter-output>
  <suite name="Default suite" duration-ms="11484" started-at="2019-07-08T05:30:23Z" finished-at="2019-07-08T05:30:35Z">
    <groups>
    </groups>
    <test name="Default test" duration-ms="11484" started-at="2019-07-08T05:30:23Z" finished-at="2019-07-08T05:30:35Z">
      <class name="demo3.Testcases">
        <test-method status="PASS" signature="beforeClass()[pri:0, instance:demo3.Testcases@1c7cbad]" name="beforeClass" is-config="true" duration-ms="10283" started-at="2019-07-08T05:30:23Z" finished-at="2019-07-08T05:30:34Z">
          <reporter-output>
          </reporter-output>
        </test-method> <!-- beforeClass -->
        <test-method status="PASS" signature="registration()[pri:0, instance:demo3.Testcases@1c7cbad]" name="registration" duration-ms="1177" started-at="2019-07-08T05:30:34Z" finished-at="2019-07-08T05:30:35Z">
          <reporter-output>
          </reporter-output>
        </test-method> <!-- registration -->
      </class> <!-- demo3.Testcases -->
    </test> <!-- Default test -->
  </suite> <!-- Default suite -->
</testng-results>
